Started GET "/" for 127.0.0.1 at 2018-01-29 02:45:56 +0800
Processing by Rails::WelcomeController#index as HTML
  Rendering /Users/nell/.rbenv/versions/2.4.3/lib/ruby/gems/2.4.0/gems/railties-5.1.4/lib/rails/templates/rails/welcome/index.html.erb
  Rendered /Users/nell/.rbenv/versions/2.4.3/lib/ruby/gems/2.4.0/gems/railties-5.1.4/lib/rails/templates/rails/welcome/index.html.erb (7.4ms)
Completed 200 OK in 590ms (Views: 27.0ms)


Started GET "/" for 127.0.0.1 at 2018-01-29 02:47:36 +0800
  
ArgumentError (Missing :controller key on routes definition, please check your routes.):
  
config/routes.rb:2:in `block in <top (required)>'
config/routes.rb:1:in `<top (required)>'
Started GET "/" for 127.0.0.1 at 2018-01-29 02:47:53 +0800
  
ArgumentError (Missing :controller key on routes definition, please check your routes.):
  
config/routes.rb:2:in `block in <top (required)>'
config/routes.rb:1:in `<top (required)>'
Started GET "/" for 127.0.0.1 at 2018-01-29 02:48:10 +0800
Processing by SiteController#index as HTML
  Rendering site/index.html.erb within layouts/application
  Rendered site/index.html.erb within layouts/application (0.6ms)
Completed 200 OK in 998ms (Views: 992.6ms)


  
ActionController::RoutingError (No route matches [GET] "/assets/bootstrap.css.map"):
  
actionpack (5.1.4) lib/action_dispatch/middleware/debug_exceptions.rb:63:in `call'
web-console (3.5.1) lib/web_console/middleware.rb:135:in `call_app'
web-console (3.5.1) lib/web_console/middleware.rb:28:in `block in call'
web-console (3.5.1) lib/web_console/middleware.rb:18:in `catch'
web-console (3.5.1) lib/web_console/middleware.rb:18:in `call'
actionpack (5.1.4) lib/action_dispatch/middleware/show_exceptions.rb:31:in `call'
railties (5.1.4) lib/rails/rack/logger.rb:36:in `call_app'
railties (5.1.4) lib/rails/rack/logger.rb:24:in `block in call'
activesupport (5.1.4) lib/active_support/tagged_logging.rb:69:in `block in tagged'
activesupport (5.1.4) lib/active_support/tagged_logging.rb:26:in `tagged'
activesupport (5.1.4) lib/active_support/tagged_logging.rb:69:in `tagged'
railties (5.1.4) lib/rails/rack/logger.rb:24:in `call'
sprockets-rails (3.2.1) lib/sprockets/rails/quiet_assets.rb:11:in `block in call'
activesupport (5.1.4) lib/active_support/logger_silence.rb:20:in `silence'
activesupport (5.1.4) lib/active_support/logger.rb:63:in `block (3 levels) in broadcast'
activesupport (5.1.4) lib/active_support/logger_silence.rb:20:in `silence'
activesupport (5.1.4) lib/active_support/logger.rb:61:in `block (2 levels) in broadcast'
sprockets-rails (3.2.1) lib/sprockets/rails/quiet_assets.rb:11:in `call'
actionpack (5.1.4) lib/action_dispatch/middleware/remote_ip.rb:79:in `call'
actionpack (5.1.4) lib/action_dispatch/middleware/request_id.rb:25:in `call'
rack (2.0.3) lib/rack/method_override.rb:22:in `call'
rack (2.0.3) lib/rack/runtime.rb:22:in `call'
activesupport (5.1.4) lib/active_support/cache/strategy/local_cache_middleware.rb:27:in `call'
actionpack (5.1.4) lib/action_dispatch/middleware/executor.rb:12:in `call'
actionpack (5.1.4) lib/action_dispatch/middleware/static.rb:125:in `call'
rack (2.0.3) lib/rack/sendfile.rb:111:in `call'
railties (5.1.4) lib/rails/engine.rb:522:in `call'
puma (3.11.2) lib/puma/configuration.rb:225:in `call'
puma (3.11.2) lib/puma/server.rb:624:in `handle_request'
puma (3.11.2) lib/puma/server.rb:438:in `process_client'
puma (3.11.2) lib/puma/server.rb:302:in `block in run'
puma (3.11.2) lib/puma/thread_pool.rb:120:in `block in spawn_thread'
Started GET "/" for 127.0.0.1 at 2018-01-29 02:49:07 +0800
Processing by SiteController#index as HTML
  Rendering site/index.html.erb within layouts/application
  Rendered site/index.html.erb within layouts/application (0.6ms)
Completed 500 Internal Server Error in 24ms


  
ActionView::Template::Error (couldn't find file 'jquery' with type 'text/css'
Checked in these paths: 
  /Users/nell/Projects/rails-guestbook/app/assets/config
  /Users/nell/Projects/rails-guestbook/app/assets/images
  /Users/nell/Projects/rails-guestbook/app/assets/javascripts
  /Users/nell/Projects/rails-guestbook/app/assets/stylesheets
  /Users/nell/Projects/rails-guestbook/vendor/assets/javascripts
  /Users/nell/Projects/rails-guestbook/vendor/assets/stylesheets
  /Users/nell/.rbenv/versions/2.4.3/lib/ruby/gems/2.4.0/gems/coffee-rails-4.2.2/lib/assets/javascripts
  /Users/nell/.rbenv/versions/2.4.3/lib/ruby/gems/2.4.0/gems/actioncable-5.1.4/lib/assets/compiled
  /Users/nell/.rbenv/versions/2.4.3/lib/ruby/gems/2.4.0/gems/actionview-5.1.4/lib/assets/compiled
  /Users/nell/.rbenv/versions/2.4.3/lib/ruby/gems/2.4.0/gems/turbolinks-source-5.1.0/lib/assets/javascripts
  /Users/nell/Projects/rails-guestbook/node_modules):
    4:     <title>RailsGuestbook</title>
    5:     <%= csrf_meta_tags %>
    6: 
    7:     <%= stylesheet_link_tag    'application', media: 'all', 'data-turbolinks-track': 'reload' %>
    8:     <%= javascript_include_tag 'application', 'data-turbolinks-track': 'reload' %>
    9:   </head>
   10: 
  
app/assets/stylesheets/application.css:15
app/views/layouts/application.html.erb:7:in `_app_views_layouts_application_html_erb___3686859285654417805_70115758320980'
Started GET "/" for 127.0.0.1 at 2018-01-29 02:50:31 +0800
Processing by SiteController#index as HTML
  Rendering site/index.html.erb within layouts/application
  Rendered site/index.html.erb within layouts/application (0.6ms)
Completed 500 Internal Server Error in 26ms


  
ActionView::Template::Error (couldn't find file 'jquery' with type 'text/css'
Checked in these paths: 
  /Users/nell/Projects/rails-guestbook/app/assets/config
  /Users/nell/Projects/rails-guestbook/app/assets/images
  /Users/nell/Projects/rails-guestbook/app/assets/javascripts
  /Users/nell/Projects/rails-guestbook/app/assets/stylesheets
  /Users/nell/Projects/rails-guestbook/vendor/assets/javascripts
  /Users/nell/Projects/rails-guestbook/vendor/assets/stylesheets
  /Users/nell/.rbenv/versions/2.4.3/lib/ruby/gems/2.4.0/gems/coffee-rails-4.2.2/lib/assets/javascripts
  /Users/nell/.rbenv/versions/2.4.3/lib/ruby/gems/2.4.0/gems/actioncable-5.1.4/lib/assets/compiled
  /Users/nell/.rbenv/versions/2.4.3/lib/ruby/gems/2.4.0/gems/actionview-5.1.4/lib/assets/compiled
  /Users/nell/.rbenv/versions/2.4.3/lib/ruby/gems/2.4.0/gems/turbolinks-source-5.1.0/lib/assets/javascripts
  /Users/nell/Projects/rails-guestbook/node_modules):
    4:     <title>RailsGuestbook</title>
    5:     <%= csrf_meta_tags %>
    6: 
    7:     <%= stylesheet_link_tag    'application', media: 'all', 'data-turbolinks-track': 'reload' %>
    8:     <%= javascript_include_tag 'application', 'data-turbolinks-track': 'reload' %>
    9:   </head>
   10: 
  
app/assets/stylesheets/application.css:15
app/views/layouts/application.html.erb:7:in `_app_views_layouts_application_html_erb___3686859285654417805_70115759715780'
Started GET "/" for 127.0.0.1 at 2018-01-29 02:50:47 +0800
Processing by SiteController#index as HTML
  Rendering site/index.html.erb within layouts/application
  Rendered site/index.html.erb within layouts/application (3.5ms)
Completed 500 Internal Server Error in 813ms


  
ActionView::Template::Error (couldn't find file 'jquery' with type 'text/css'
Checked in these paths: 
  /Users/nell/Projects/rails-guestbook/app/assets/config
  /Users/nell/Projects/rails-guestbook/app/assets/images
  /Users/nell/Projects/rails-guestbook/app/assets/javascripts
  /Users/nell/Projects/rails-guestbook/app/assets/stylesheets
  /Users/nell/Projects/rails-guestbook/vendor/assets/javascripts
  /Users/nell/Projects/rails-guestbook/vendor/assets/stylesheets
  /Users/nell/.rbenv/versions/2.4.3/lib/ruby/gems/2.4.0/gems/coffee-rails-4.2.2/lib/assets/javascripts
  /Users/nell/.rbenv/versions/2.4.3/lib/ruby/gems/2.4.0/gems/actioncable-5.1.4/lib/assets/compiled
  /Users/nell/.rbenv/versions/2.4.3/lib/ruby/gems/2.4.0/gems/actionview-5.1.4/lib/assets/compiled
  /Users/nell/.rbenv/versions/2.4.3/lib/ruby/gems/2.4.0/gems/turbolinks-source-5.1.0/lib/assets/javascripts
  /Users/nell/Projects/rails-guestbook/node_modules):
    4:     <title>RailsGuestbook</title>
    5:     <%= csrf_meta_tags %>
    6: 
    7:     <%= stylesheet_link_tag    'application', media: 'all', 'data-turbolinks-track': 'reload' %>
    8:     <%= javascript_include_tag 'application', 'data-turbolinks-track': 'reload' %>
    9:   </head>
   10: 
  
app/assets/stylesheets/application.css:15
app/views/layouts/application.html.erb:7:in `_app_views_layouts_application_html_erb__2355614236683417305_70314715308080'
Started GET "/" for 127.0.0.1 at 2018-01-29 02:51:17 +0800
Processing by SiteController#index as HTML
  Rendering site/index.html.erb within layouts/application
  Rendered site/index.html.erb within layouts/application (0.7ms)
Completed 200 OK in 425ms (Views: 419.8ms)


  
ActionController::RoutingError (No route matches [GET] "/assets/bootstrap.css.map"):
  
actionpack (5.1.4) lib/action_dispatch/middleware/debug_exceptions.rb:63:in `call'
web-console (3.5.1) lib/web_console/middleware.rb:135:in `call_app'
web-console (3.5.1) lib/web_console/middleware.rb:28:in `block in call'
web-console (3.5.1) lib/web_console/middleware.rb:18:in `catch'
web-console (3.5.1) lib/web_console/middleware.rb:18:in `call'
actionpack (5.1.4) lib/action_dispatch/middleware/show_exceptions.rb:31:in `call'
railties (5.1.4) lib/rails/rack/logger.rb:36:in `call_app'
railties (5.1.4) lib/rails/rack/logger.rb:24:in `block in call'
activesupport (5.1.4) lib/active_support/tagged_logging.rb:69:in `block in tagged'
activesupport (5.1.4) lib/active_support/tagged_logging.rb:26:in `tagged'
activesupport (5.1.4) lib/active_support/tagged_logging.rb:69:in `tagged'
railties (5.1.4) lib/rails/rack/logger.rb:24:in `call'
sprockets-rails (3.2.1) lib/sprockets/rails/quiet_assets.rb:11:in `block in call'
activesupport (5.1.4) lib/active_support/logger_silence.rb:20:in `silence'
activesupport (5.1.4) lib/active_support/logger.rb:63:in `block (3 levels) in broadcast'
activesupport (5.1.4) lib/active_support/logger_silence.rb:20:in `silence'
activesupport (5.1.4) lib/active_support/logger.rb:61:in `block (2 levels) in broadcast'
sprockets-rails (3.2.1) lib/sprockets/rails/quiet_assets.rb:11:in `call'
actionpack (5.1.4) lib/action_dispatch/middleware/remote_ip.rb:79:in `call'
actionpack (5.1.4) lib/action_dispatch/middleware/request_id.rb:25:in `call'
rack (2.0.3) lib/rack/method_override.rb:22:in `call'
rack (2.0.3) lib/rack/runtime.rb:22:in `call'
activesupport (5.1.4) lib/active_support/cache/strategy/local_cache_middleware.rb:27:in `call'
actionpack (5.1.4) lib/action_dispatch/middleware/executor.rb:12:in `call'
actionpack (5.1.4) lib/action_dispatch/middleware/static.rb:125:in `call'
rack (2.0.3) lib/rack/sendfile.rb:111:in `call'
railties (5.1.4) lib/rails/engine.rb:522:in `call'
puma (3.11.2) lib/puma/configuration.rb:225:in `call'
puma (3.11.2) lib/puma/server.rb:624:in `handle_request'
puma (3.11.2) lib/puma/server.rb:438:in `process_client'
puma (3.11.2) lib/puma/server.rb:302:in `block in run'
puma (3.11.2) lib/puma/thread_pool.rb:120:in `block in spawn_thread'
  
ActionController::RoutingError (No route matches [GET] "/assets/bootstrap.js.map"):
  
actionpack (5.1.4) lib/action_dispatch/middleware/debug_exceptions.rb:63:in `call'
web-console (3.5.1) lib/web_console/middleware.rb:135:in `call_app'
web-console (3.5.1) lib/web_console/middleware.rb:28:in `block in call'
web-console (3.5.1) lib/web_console/middleware.rb:18:in `catch'
web-console (3.5.1) lib/web_console/middleware.rb:18:in `call'
actionpack (5.1.4) lib/action_dispatch/middleware/show_exceptions.rb:31:in `call'
railties (5.1.4) lib/rails/rack/logger.rb:36:in `call_app'
railties (5.1.4) lib/rails/rack/logger.rb:24:in `block in call'
activesupport (5.1.4) lib/active_support/tagged_logging.rb:69:in `block in tagged'
activesupport (5.1.4) lib/active_support/tagged_logging.rb:26:in `tagged'
activesupport (5.1.4) lib/active_support/tagged_logging.rb:69:in `tagged'
railties (5.1.4) lib/rails/rack/logger.rb:24:in `call'
sprockets-rails (3.2.1) lib/sprockets/rails/quiet_assets.rb:11:in `block in call'
activesupport (5.1.4) lib/active_support/logger_silence.rb:20:in `silence'
activesupport (5.1.4) lib/active_support/logger.rb:63:in `block (3 levels) in broadcast'
activesupport (5.1.4) lib/active_support/logger_silence.rb:20:in `silence'
activesupport (5.1.4) lib/active_support/logger.rb:61:in `block (2 levels) in broadcast'
sprockets-rails (3.2.1) lib/sprockets/rails/quiet_assets.rb:11:in `call'
actionpack (5.1.4) lib/action_dispatch/middleware/remote_ip.rb:79:in `call'
actionpack (5.1.4) lib/action_dispatch/middleware/request_id.rb:25:in `call'
rack (2.0.3) lib/rack/method_override.rb:22:in `call'
rack (2.0.3) lib/rack/runtime.rb:22:in `call'
activesupport (5.1.4) lib/active_support/cache/strategy/local_cache_middleware.rb:27:in `call'
actionpack (5.1.4) lib/action_dispatch/middleware/executor.rb:12:in `call'
actionpack (5.1.4) lib/action_dispatch/middleware/static.rb:125:in `call'
rack (2.0.3) lib/rack/sendfile.rb:111:in `call'
railties (5.1.4) lib/rails/engine.rb:522:in `call'
puma (3.11.2) lib/puma/configuration.rb:225:in `call'
puma (3.11.2) lib/puma/server.rb:624:in `handle_request'
puma (3.11.2) lib/puma/server.rb:438:in `process_client'
puma (3.11.2) lib/puma/server.rb:302:in `block in run'
puma (3.11.2) lib/puma/thread_pool.rb:120:in `block in spawn_thread'
Started GET "/" for 127.0.0.1 at 2018-01-29 02:54:05 +0800
Processing by SiteController#index as HTML
  Rendering site/index.html.erb within layouts/application
  Rendered site/index.html.erb within layouts/application (0.6ms)
Completed 200 OK in 191ms (Views: 185.3ms)


Started GET "/" for 127.0.0.1 at 2018-01-29 02:56:52 +0800
Processing by SiteController#index as HTML
  Rendering site/index.html.erb within layouts/application
  Rendered site/index.html.erb within layouts/application (2.3ms)
Completed 200 OK in 214ms (Views: 204.4ms)


Started GET "/" for 127.0.0.1 at 2018-01-29 02:56:58 +0800
Processing by SiteController#index as HTML
  Rendering site/index.html.erb within layouts/application
  Rendered site/index.html.erb within layouts/application (0.6ms)
Completed 200 OK in 55ms (Views: 52.3ms)


  [1m[35m (0.2ms)[0m  [1m[34mSELECT sqlite_version(*)[0m
  [1m[35m (8.3ms)[0m  [1m[35mCREATE TABLE "schema_migrations" ("version" varchar NOT NULL PRIMARY KEY)[0m
  [1m[35m (3.9ms)[0m  [1m[35mCREATE TABLE "ar_internal_metadata" ("key" varchar NOT NULL PRIMARY KEY, "value" varchar, "created_at" datetime NOT NULL, "updated_at" datetime NOT NULL)[0m
  [1m[35m (0.3ms)[0m  [1m[34mSELECT "schema_migrations"."version" FROM "schema_migrations" ORDER BY "schema_migrations"."version" ASC[0m
Migrating to CreatePosts (20180128190039)
  [1m[35m (0.1ms)[0m  [1m[36mbegin transaction[0m
  [1m[35m (0.9ms)[0m  [1m[35mCREATE TABLE "posts" ("id" INTEGER PRIMARY KEY AUTOINCREMENT NOT NULL, "name" varchar, "email" varchar, "message" text, "created_at" datetime NOT NULL, "updated_at" datetime NOT NULL)[0m
  [1m[35mSQL (0.4ms)[0m  [1m[32mINSERT INTO "schema_migrations" ("version") VALUES (?)[0m  [["version", "20180128190039"]]
  [1m[35m (2.8ms)[0m  [1m[36mcommit transaction[0m
  [1m[36mActiveRecord::InternalMetadata Load (0.2ms)[0m  [1m[34mSELECT  "ar_internal_metadata".* FROM "ar_internal_metadata" WHERE "ar_internal_metadata"."key" = ? LIMIT ?[0m  [["key", "environment"], ["LIMIT", 1]]
  [1m[35m (0.1ms)[0m  [1m[36mbegin transaction[0m
  [1m[35mSQL (0.6ms)[0m  [1m[32mINSERT INTO "ar_internal_metadata" ("key", "value", "created_at", "updated_at") VALUES (?, ?, ?, ?)[0m  [["key", "environment"], ["value", "development"], ["created_at", "2018-01-28 19:00:54.504364"], ["updated_at", "2018-01-28 19:00:54.504364"]]
  [1m[35m (2.7ms)[0m  [1m[36mcommit transaction[0m
  [1m[35m (0.2ms)[0m  [1m[34mSELECT "schema_migrations"."version" FROM "schema_migrations" ORDER BY "schema_migrations"."version" ASC[0m
Started GET "/" for 127.0.0.1 at 2018-01-29 03:04:31 +0800
  [1m[35m (2.3ms)[0m  [1m[34mSELECT "schema_migrations"."version" FROM "schema_migrations" ORDER BY "schema_migrations"."version" ASC[0m
Processing by SiteController#index as HTML
  Rendering site/index.html.erb within layouts/application
  Rendered site/index.html.erb within layouts/application (0.9ms)
Completed 200 OK in 175ms (Views: 166.8ms | ActiveRecord: 0.0ms)


Started GET "/posts" for 127.0.0.1 at 2018-01-29 03:04:37 +0800
  
ActionController::RoutingError (No route matches [GET] "/posts"):
  
actionpack (5.1.4) lib/action_dispatch/middleware/debug_exceptions.rb:63:in `call'
web-console (3.5.1) lib/web_console/middleware.rb:135:in `call_app'
web-console (3.5.1) lib/web_console/middleware.rb:28:in `block in call'
web-console (3.5.1) lib/web_console/middleware.rb:18:in `catch'
web-console (3.5.1) lib/web_console/middleware.rb:18:in `call'
actionpack (5.1.4) lib/action_dispatch/middleware/show_exceptions.rb:31:in `call'
railties (5.1.4) lib/rails/rack/logger.rb:36:in `call_app'
railties (5.1.4) lib/rails/rack/logger.rb:24:in `block in call'
activesupport (5.1.4) lib/active_support/tagged_logging.rb:69:in `block in tagged'
activesupport (5.1.4) lib/active_support/tagged_logging.rb:26:in `tagged'
activesupport (5.1.4) lib/active_support/tagged_logging.rb:69:in `tagged'
railties (5.1.4) lib/rails/rack/logger.rb:24:in `call'
sprockets-rails (3.2.1) lib/sprockets/rails/quiet_assets.rb:13:in `call'
actionpack (5.1.4) lib/action_dispatch/middleware/remote_ip.rb:79:in `call'
actionpack (5.1.4) lib/action_dispatch/middleware/request_id.rb:25:in `call'
rack (2.0.3) lib/rack/method_override.rb:22:in `call'
rack (2.0.3) lib/rack/runtime.rb:22:in `call'
activesupport (5.1.4) lib/active_support/cache/strategy/local_cache_middleware.rb:27:in `call'
actionpack (5.1.4) lib/action_dispatch/middleware/executor.rb:12:in `call'
actionpack (5.1.4) lib/action_dispatch/middleware/static.rb:125:in `call'
rack (2.0.3) lib/rack/sendfile.rb:111:in `call'
railties (5.1.4) lib/rails/engine.rb:522:in `call'
puma (3.11.2) lib/puma/configuration.rb:225:in `call'
puma (3.11.2) lib/puma/server.rb:624:in `handle_request'
puma (3.11.2) lib/puma/server.rb:438:in `process_client'
puma (3.11.2) lib/puma/server.rb:302:in `block in run'
puma (3.11.2) lib/puma/thread_pool.rb:120:in `block in spawn_thread'
Started GET "/posts" for 127.0.0.1 at 2018-01-29 03:04:50 +0800
Processing by PostsController#index as HTML
Completed 406 Not Acceptable in 110ms


  
ActionController::UnknownFormat (PostsController#index is missing a template for this request format and variant.

request.formats: ["text/html"]
request.variant: []

NOTE! For XHR/Ajax or API requests, this action would normally respond with 204 No Content: an empty white screen. Since you're loading it in a web browser, we assume that you expected to actually render a template, not nothing, so we're showing an error to be extra-clear. If you expect 204 No Content, carry on. That's what you'll get from an XHR or API request. Give it a shot.):
  
actionpack (5.1.4) lib/action_controller/metal/implicit_render.rb:53:in `default_render'
actionpack (5.1.4) lib/action_controller/metal/basic_implicit_render.rb:4:in `block in send_action'
actionpack (5.1.4) lib/action_controller/metal/basic_implicit_render.rb:4:in `tap'
actionpack (5.1.4) lib/action_controller/metal/basic_implicit_render.rb:4:in `send_action'
actionpack (5.1.4) lib/abstract_controller/base.rb:186:in `process_action'
actionpack (5.1.4) lib/action_controller/metal/rendering.rb:30:in `process_action'
actionpack (5.1.4) lib/abstract_controller/callbacks.rb:20:in `block in process_action'
activesupport (5.1.4) lib/active_support/callbacks.rb:131:in `run_callbacks'
actionpack (5.1.4) lib/abstract_controller/callbacks.rb:19:in `process_action'
actionpack (5.1.4) lib/action_controller/metal/rescue.rb:20:in `process_action'
actionpack (5.1.4) lib/action_controller/metal/instrumentation.rb:32:in `block in process_action'
activesupport (5.1.4) lib/active_support/notifications.rb:166:in `block in instrument'
activesupport (5.1.4) lib/active_support/notifications/instrumenter.rb:21:in `instrument'
activesupport (5.1.4) lib/active_support/notifications.rb:166:in `instrument'
actionpack (5.1.4) lib/action_controller/metal/instrumentation.rb:30:in `process_action'
actionpack (5.1.4) lib/action_controller/metal/params_wrapper.rb:252:in `process_action'
activerecord (5.1.4) lib/active_record/railties/controller_runtime.rb:22:in `process_action'
actionpack (5.1.4) lib/abstract_controller/base.rb:124:in `process'
actionview (5.1.4) lib/action_view/rendering.rb:30:in `process'
actionpack (5.1.4) lib/action_controller/metal.rb:189:in `dispatch'
actionpack (5.1.4) lib/action_controller/metal.rb:253:in `dispatch'
actionpack (5.1.4) lib/action_dispatch/routing/route_set.rb:49:in `dispatch'
actionpack (5.1.4) lib/action_dispatch/routing/route_set.rb:31:in `serve'
actionpack (5.1.4) lib/action_dispatch/journey/router.rb:50:in `block in serve'
actionpack (5.1.4) lib/action_dispatch/journey/router.rb:33:in `each'
actionpack (5.1.4) lib/action_dispatch/journey/router.rb:33:in `serve'
actionpack (5.1.4) lib/action_dispatch/routing/route_set.rb:834:in `call'
rack (2.0.3) lib/rack/etag.rb:25:in `call'
rack (2.0.3) lib/rack/conditional_get.rb:25:in `call'
rack (2.0.3) lib/rack/head.rb:12:in `call'
rack (2.0.3) lib/rack/session/abstract/id.rb:232:in `context'
rack (2.0.3) lib/rack/session/abstract/id.rb:226:in `call'
actionpack (5.1.4) lib/action_dispatch/middleware/cookies.rb:613:in `call'
activerecord (5.1.4) lib/active_record/migration.rb:556:in `call'
actionpack (5.1.4) lib/action_dispatch/middleware/callbacks.rb:26:in `block in call'
activesupport (5.1.4) lib/active_support/callbacks.rb:97:in `run_callbacks'
actionpack (5.1.4) lib/action_dispatch/middleware/callbacks.rb:24:in `call'
actionpack (5.1.4) lib/action_dispatch/middleware/executor.rb:12:in `call'
actionpack (5.1.4) lib/action_dispatch/middleware/debug_exceptions.rb:59:in `call'
web-console (3.5.1) lib/web_console/middleware.rb:135:in `call_app'
web-console (3.5.1) lib/web_console/middleware.rb:28:in `block in call'
web-console (3.5.1) lib/web_console/middleware.rb:18:in `catch'
web-console (3.5.1) lib/web_console/middleware.rb:18:in `call'
actionpack (5.1.4) lib/action_dispatch/middleware/show_exceptions.rb:31:in `call'
railties (5.1.4) lib/rails/rack/logger.rb:36:in `call_app'
railties (5.1.4) lib/rails/rack/logger.rb:24:in `block in call'
activesupport (5.1.4) lib/active_support/tagged_logging.rb:69:in `block in tagged'
activesupport (5.1.4) lib/active_support/tagged_logging.rb:26:in `tagged'
activesupport (5.1.4) lib/active_support/tagged_logging.rb:69:in `tagged'
railties (5.1.4) lib/rails/rack/logger.rb:24:in `call'
sprockets-rails (3.2.1) lib/sprockets/rails/quiet_assets.rb:13:in `call'
actionpack (5.1.4) lib/action_dispatch/middleware/remote_ip.rb:79:in `call'
actionpack (5.1.4) lib/action_dispatch/middleware/request_id.rb:25:in `call'
rack (2.0.3) lib/rack/method_override.rb:22:in `call'
rack (2.0.3) lib/rack/runtime.rb:22:in `call'
activesupport (5.1.4) lib/active_support/cache/strategy/local_cache_middleware.rb:27:in `call'
actionpack (5.1.4) lib/action_dispatch/middleware/executor.rb:12:in `call'
actionpack (5.1.4) lib/action_dispatch/middleware/static.rb:125:in `call'
rack (2.0.3) lib/rack/sendfile.rb:111:in `call'
railties (5.1.4) lib/rails/engine.rb:522:in `call'
puma (3.11.2) lib/puma/configuration.rb:225:in `call'
puma (3.11.2) lib/puma/server.rb:624:in `handle_request'
puma (3.11.2) lib/puma/server.rb:438:in `process_client'
puma (3.11.2) lib/puma/server.rb:302:in `block in run'
puma (3.11.2) lib/puma/thread_pool.rb:120:in `block in spawn_thread'
Started GET "/posts" for 127.0.0.1 at 2018-01-29 03:05:17 +0800
Processing by PostsController#index as HTML
Completed 406 Not Acceptable in 83ms


  
ActionController::UnknownFormat (PostsController#index is missing a template for this request format and variant.

request.formats: ["text/html"]
request.variant: []

NOTE! For XHR/Ajax or API requests, this action would normally respond with 204 No Content: an empty white screen. Since you're loading it in a web browser, we assume that you expected to actually render a template, not nothing, so we're showing an error to be extra-clear. If you expect 204 No Content, carry on. That's what you'll get from an XHR or API request. Give it a shot.):
  
actionpack (5.1.4) lib/action_controller/metal/implicit_render.rb:53:in `default_render'
actionpack (5.1.4) lib/action_controller/metal/basic_implicit_render.rb:4:in `block in send_action'
actionpack (5.1.4) lib/action_controller/metal/basic_implicit_render.rb:4:in `tap'
actionpack (5.1.4) lib/action_controller/metal/basic_implicit_render.rb:4:in `send_action'
actionpack (5.1.4) lib/abstract_controller/base.rb:186:in `process_action'
actionpack (5.1.4) lib/action_controller/metal/rendering.rb:30:in `process_action'
actionpack (5.1.4) lib/abstract_controller/callbacks.rb:20:in `block in process_action'
activesupport (5.1.4) lib/active_support/callbacks.rb:131:in `run_callbacks'
actionpack (5.1.4) lib/abstract_controller/callbacks.rb:19:in `process_action'
actionpack (5.1.4) lib/action_controller/metal/rescue.rb:20:in `process_action'
actionpack (5.1.4) lib/action_controller/metal/instrumentation.rb:32:in `block in process_action'
activesupport (5.1.4) lib/active_support/notifications.rb:166:in `block in instrument'
activesupport (5.1.4) lib/active_support/notifications/instrumenter.rb:21:in `instrument'
activesupport (5.1.4) lib/active_support/notifications.rb:166:in `instrument'
actionpack (5.1.4) lib/action_controller/metal/instrumentation.rb:30:in `process_action'
actionpack (5.1.4) lib/action_controller/metal/params_wrapper.rb:252:in `process_action'
activerecord (5.1.4) lib/active_record/railties/controller_runtime.rb:22:in `process_action'
actionpack (5.1.4) lib/abstract_controller/base.rb:124:in `process'
actionview (5.1.4) lib/action_view/rendering.rb:30:in `process'
actionpack (5.1.4) lib/action_controller/metal.rb:189:in `dispatch'
actionpack (5.1.4) lib/action_controller/metal.rb:253:in `dispatch'
actionpack (5.1.4) lib/action_dispatch/routing/route_set.rb:49:in `dispatch'
actionpack (5.1.4) lib/action_dispatch/routing/route_set.rb:31:in `serve'
actionpack (5.1.4) lib/action_dispatch/journey/router.rb:50:in `block in serve'
actionpack (5.1.4) lib/action_dispatch/journey/router.rb:33:in `each'
actionpack (5.1.4) lib/action_dispatch/journey/router.rb:33:in `serve'
actionpack (5.1.4) lib/action_dispatch/routing/route_set.rb:834:in `call'
rack (2.0.3) lib/rack/etag.rb:25:in `call'
rack (2.0.3) lib/rack/conditional_get.rb:25:in `call'
rack (2.0.3) lib/rack/head.rb:12:in `call'
rack (2.0.3) lib/rack/session/abstract/id.rb:232:in `context'
rack (2.0.3) lib/rack/session/abstract/id.rb:226:in `call'
actionpack (5.1.4) lib/action_dispatch/middleware/cookies.rb:613:in `call'
activerecord (5.1.4) lib/active_record/migration.rb:556:in `call'
actionpack (5.1.4) lib/action_dispatch/middleware/callbacks.rb:26:in `block in call'
activesupport (5.1.4) lib/active_support/callbacks.rb:97:in `run_callbacks'
actionpack (5.1.4) lib/action_dispatch/middleware/callbacks.rb:24:in `call'
actionpack (5.1.4) lib/action_dispatch/middleware/executor.rb:12:in `call'
actionpack (5.1.4) lib/action_dispatch/middleware/debug_exceptions.rb:59:in `call'
web-console (3.5.1) lib/web_console/middleware.rb:135:in `call_app'
web-console (3.5.1) lib/web_console/middleware.rb:28:in `block in call'
web-console (3.5.1) lib/web_console/middleware.rb:18:in `catch'
web-console (3.5.1) lib/web_console/middleware.rb:18:in `call'
actionpack (5.1.4) lib/action_dispatch/middleware/show_exceptions.rb:31:in `call'
railties (5.1.4) lib/rails/rack/logger.rb:36:in `call_app'
railties (5.1.4) lib/rails/rack/logger.rb:24:in `block in call'
activesupport (5.1.4) lib/active_support/tagged_logging.rb:69:in `block in tagged'
activesupport (5.1.4) lib/active_support/tagged_logging.rb:26:in `tagged'
activesupport (5.1.4) lib/active_support/tagged_logging.rb:69:in `tagged'
railties (5.1.4) lib/rails/rack/logger.rb:24:in `call'
sprockets-rails (3.2.1) lib/sprockets/rails/quiet_assets.rb:13:in `call'
actionpack (5.1.4) lib/action_dispatch/middleware/remote_ip.rb:79:in `call'
actionpack (5.1.4) lib/action_dispatch/middleware/request_id.rb:25:in `call'
rack (2.0.3) lib/rack/method_override.rb:22:in `call'
rack (2.0.3) lib/rack/runtime.rb:22:in `call'
activesupport (5.1.4) lib/active_support/cache/strategy/local_cache_middleware.rb:27:in `call'
actionpack (5.1.4) lib/action_dispatch/middleware/executor.rb:12:in `call'
actionpack (5.1.4) lib/action_dispatch/middleware/static.rb:125:in `call'
rack (2.0.3) lib/rack/sendfile.rb:111:in `call'
railties (5.1.4) lib/rails/engine.rb:522:in `call'
puma (3.11.2) lib/puma/configuration.rb:225:in `call'
puma (3.11.2) lib/puma/server.rb:624:in `handle_request'
puma (3.11.2) lib/puma/server.rb:438:in `process_client'
puma (3.11.2) lib/puma/server.rb:302:in `block in run'
puma (3.11.2) lib/puma/thread_pool.rb:120:in `block in spawn_thread'
Started GET "/posts" for 127.0.0.1 at 2018-01-29 03:05:36 +0800
  [1m[35m (2.5ms)[0m  [1m[34mSELECT "schema_migrations"."version" FROM "schema_migrations" ORDER BY "schema_migrations"."version" ASC[0m
Processing by PostsController#index as HTML
  Rendering posts/index.html.haml within layouts/application
  Rendered posts/index.html.haml within layouts/application (10.4ms)
Completed 200 OK in 574ms (Views: 546.9ms | ActiveRecord: 0.0ms)


Started GET "/posts" for 127.0.0.1 at 2018-01-29 03:09:08 +0800
Processing by PostsController#index as HTML
  Rendering posts/index.html.haml within layouts/application
  Rendered posts/index.html.haml within layouts/application (11.2ms)
Completed 200 OK in 156ms (Views: 137.5ms | ActiveRecord: 0.0ms)


Started GET "/posts" for 127.0.0.1 at 2018-01-29 03:09:18 +0800
Processing by PostsController#index as HTML
  Rendering posts/index.html.haml within layouts/application
  Rendered posts/index.html.haml within layouts/application (1.9ms)
Completed 200 OK in 49ms (Views: 42.8ms | ActiveRecord: 0.0ms)


Started GET "/posts" for 127.0.0.1 at 2018-01-29 03:09:23 +0800
Processing by PostsController#index as HTML
  Rendering posts/index.html.haml within layouts/application
  Rendered posts/index.html.haml within layouts/application (2.1ms)
Completed 200 OK in 39ms (Views: 35.9ms | ActiveRecord: 0.0ms)


Started GET "/posts" for 127.0.0.1 at 2018-01-29 03:09:34 +0800
Processing by PostsController#index as HTML
  Rendering posts/index.html.haml within layouts/application
  Rendered posts/index.html.haml within layouts/application (77.6ms)
Completed 200 OK in 170ms (Views: 151.4ms | ActiveRecord: 0.0ms)


Started GET "/posts" for 127.0.0.1 at 2018-01-29 03:16:28 +0800
Processing by PostsController#index as HTML
  Rendering posts/index.html.haml within layouts/application
  [1m[36mPost Load (3.2ms)[0m  [1m[34mSELECT "posts".* FROM "posts"[0m
  Rendered posts/index.html.haml within layouts/application (37.7ms)
Completed 200 OK in 177ms (Views: 156.6ms | ActiveRecord: 4.3ms)


Started GET "/posts" for 127.0.0.1 at 2018-01-29 03:18:19 +0800
Processing by PostsController#index as HTML
  Rendering posts/index.html.haml within layouts/application
  [1m[36mPost Load (2.2ms)[0m  [1m[34mSELECT "posts".* FROM "posts"[0m
  Rendered posts/index.html.haml within layouts/application (13.0ms)
Completed 200 OK in 114ms (Views: 98.3ms | ActiveRecord: 3.2ms)


Started GET "/posts" for 127.0.0.1 at 2018-01-29 03:18:44 +0800
Processing by PostsController#index as HTML
  Rendering posts/index.html.haml within layouts/application
  [1m[36mPost Load (0.4ms)[0m  [1m[34mSELECT "posts".* FROM "posts"[0m
  Rendered posts/index.html.haml within layouts/application (12.6ms)
Completed 200 OK in 128ms (Views: 121.1ms | ActiveRecord: 0.4ms)


Started GET "/posts" for 127.0.0.1 at 2018-01-29 03:18:59 +0800
Processing by PostsController#index as HTML
  Rendering posts/index.haml within layouts/application
  [1m[36mPost Load (0.2ms)[0m  [1m[34mSELECT "posts".* FROM "posts"[0m
  Rendered posts/index.haml within layouts/application (5.3ms)
Completed 200 OK in 99ms (Views: 95.2ms | ActiveRecord: 0.2ms)


Started GET "/posts/new" for 127.0.0.1 at 2018-01-29 03:20:08 +0800
Processing by PostsController#new as HTML
  Rendering posts/new.haml within layouts/application
  Rendered posts/new.haml within layouts/application (9.3ms)
Completed 500 Internal Server Error in 65ms (ActiveRecord: 2.6ms)


  
SyntaxError (/Users/nell/Projects/rails-guestbook/app/views/posts/new.haml:4: syntax error, unexpected ',', expecting &. or :: or '[' or '.'
ield, {class: 'form-control'}, :name
                              ^):
  
app/views/posts/new.haml:4: syntax error, unexpected ',', expecting &. or :: or '[' or '.'
Started GET "/posts/new" for 127.0.0.1 at 2018-01-29 03:20:21 +0800
Processing by PostsController#new as HTML
  Rendering posts/new.haml within layouts/application
  Rendered posts/new.haml within layouts/application (49.4ms)
Completed 200 OK in 164ms (Views: 161.2ms | ActiveRecord: 0.0ms)


Started GET "/posts/new" for 127.0.0.1 at 2018-01-29 03:20:29 +0800
Processing by PostsController#new as HTML
  Rendering posts/new.haml within layouts/application
  Rendered posts/new.haml within layouts/application (3.9ms)
Completed 200 OK in 88ms (Views: 85.1ms | ActiveRecord: 0.0ms)


Started GET "/posts/new" for 127.0.0.1 at 2018-01-29 03:22:46 +0800
Processing by PostsController#new as HTML
  Rendering posts/new.haml within layouts/application
  Rendered posts/new.haml within layouts/application (8.4ms)
Completed 200 OK in 117ms (Views: 111.6ms | ActiveRecord: 0.0ms)


Started GET "/posts/new" for 127.0.0.1 at 2018-01-29 03:22:59 +0800
Processing by PostsController#new as HTML
  Rendering posts/new.haml within layouts/application
  Rendered posts/new.haml within layouts/application (4.2ms)
Completed 200 OK in 43ms (Views: 40.4ms | ActiveRecord: 0.0ms)


Started GET "/posts/new" for 127.0.0.1 at 2018-01-29 03:24:48 +0800
Processing by PostsController#new as HTML
  Rendering posts/new.haml within layouts/application
  Rendered posts/new.haml within layouts/application (24.1ms)
Completed 200 OK in 169ms (Views: 152.5ms | ActiveRecord: 0.0ms)


Started GET "/posts/new" for 127.0.0.1 at 2018-01-29 03:24:58 +0800
Processing by PostsController#new as HTML
  Rendering posts/new.haml within layouts/application
  Rendered posts/new.haml within layouts/application (5.7ms)
Completed 200 OK in 94ms (Views: 91.1ms | ActiveRecord: 0.0ms)


Started GET "/posts/new" for 127.0.0.1 at 2018-01-29 03:25:10 +0800
Processing by PostsController#new as HTML
  Rendering posts/new.haml within layouts/application
  Rendered posts/new.haml within layouts/application (5.4ms)
Completed 200 OK in 96ms (Views: 92.6ms | ActiveRecord: 0.0ms)


Started GET "/posts/new" for 127.0.0.1 at 2018-01-29 03:26:25 +0800
Processing by PostsController#new as HTML
  Rendering posts/new.haml within layouts/application
  Rendered posts/new.haml within layouts/application (8.1ms)
Completed 200 OK in 136ms (Views: 130.4ms | ActiveRecord: 0.0ms)


Started GET "/posts/new" for 127.0.0.1 at 2018-01-29 03:28:49 +0800
Processing by PostsController#new as HTML
  Rendering posts/new.haml within layouts/application
  Rendered posts/new.haml within layouts/application (23.8ms)
Completed 200 OK in 222ms (Views: 205.9ms | ActiveRecord: 0.0ms)


Started GET "/posts/new" for 127.0.0.1 at 2018-01-29 03:30:14 +0800
Processing by PostsController#new as HTML
  Rendering posts/new.haml within layouts/application
  Rendered posts/new.haml within layouts/application (6.7ms)
Completed 200 OK in 152ms (Views: 147.3ms | ActiveRecord: 0.0ms)


Started GET "/posts/new" for 127.0.0.1 at 2018-01-29 03:32:56 +0800
Processing by PostsController#new as HTML
  Rendering posts/new.haml within layouts/application
  Rendered posts/new.haml within layouts/application (8.7ms)
Completed 200 OK in 128ms (Views: 123.5ms | ActiveRecord: 0.0ms)


Started GET "/posts/new" for 127.0.0.1 at 2018-01-29 03:34:13 +0800
Processing by PostsController#new as HTML
  Rendering posts/new.haml within layouts/application
  Rendered posts/new.haml within layouts/application (6.3ms)
Completed 500 Internal Server Error in 20ms (ActiveRecord: 0.0ms)


  
SyntaxError (/Users/nell/Projects/rails-guestbook/app/views/posts/new.haml:14: syntax error, unexpected '\n', expecting &. or :: or '[' or '.'
/Users/nell/Projects/rails-guestbook/app/views/posts/new.haml:15: syntax error, unexpected keyword_end, expecting ')'
.buffer << ("\n".freeze);; end;; _hamlout.buffer << ((::Haml
                              ^
/Users/nell/Projects/rails-guestbook/app/views/posts/new.haml:15: syntax error, unexpected keyword_ensure, expecting ')'
Util.html_safe(_erbout);ensure;@haml_buffer = @haml_buffer.u
                              ^
/Users/nell/Projects/rails-guestbook/app/views/posts/new.haml:15: syntax error, unexpected keyword_end, expecting ')'
ffer.upper if @haml_buffer;end;
                              ^
/Users/nell/Projects/rails-guestbook/app/views/posts/new.haml:18: syntax error, unexpected keyword_end, expecting ')'
          end
             ^):
  
app/views/posts/new.haml:14: syntax error, unexpected '\n', expecting &. or :: or '[' or '.'
app/views/posts/new.haml:15: syntax error, unexpected keyword_end, expecting ')'
app/views/posts/new.haml:15: syntax error, unexpected keyword_ensure, expecting ')'
app/views/posts/new.haml:15: syntax error, unexpected keyword_end, expecting ')'
app/views/posts/new.haml:18: syntax error, unexpected keyword_end, expecting ')'
Started GET "/posts/new" for 127.0.0.1 at 2018-01-29 03:35:16 +0800
Processing by PostsController#new as HTML
  Rendering posts/new.haml within layouts/application
  Rendered posts/new.haml within layouts/application (6.0ms)
Completed 500 Internal Server Error in 19ms (ActiveRecord: 0.0ms)


  
SyntaxError (/Users/nell/Projects/rails-guestbook/app/views/posts/new.haml:14: syntax error, unexpected ':'
tml_escape((( f.submit {class: 'btn btn-primary'}
                              ^):
  
app/views/posts/new.haml:14: syntax error, unexpected ':'
Started GET "/posts/new" for 127.0.0.1 at 2018-01-29 03:35:30 +0800
Processing by PostsController#new as HTML
  Rendering posts/new.haml within layouts/application
  Rendered posts/new.haml within layouts/application (7.2ms)
Completed 200 OK in 115ms (Views: 112.8ms | ActiveRecord: 0.0ms)


Started GET "/posts/new" for 127.0.0.1 at 2018-01-29 03:35:44 +0800
Processing by PostsController#new as HTML
  Rendering posts/new.haml within layouts/application
  Rendered posts/new.haml within layouts/application (11.4ms)
Completed 200 OK in 90ms (Views: 87.2ms | ActiveRecord: 0.0ms)


Started GET "/posts/new" for 127.0.0.1 at 2018-01-29 03:35:45 +0800
Processing by PostsController#new as HTML
  Rendering posts/new.haml within layouts/application
  Rendered posts/new.haml within layouts/application (5.1ms)
Completed 200 OK in 41ms (Views: 37.4ms | ActiveRecord: 0.0ms)


Started POST "/posts" for 127.0.0.1 at 2018-01-29 03:35:54 +0800
Processing by PostsController#create as HTML
  Parameters: {"utf8"=>"âœ“", "authenticity_token"=>"IlCdq4A3qML4qM3L6aG20kORVHKrn4IjNfj/7MXPeNyv7yv8bYGyfvI9LDi8a7kmyOS7wP1NW5XXYY75Prr84A==", "post"=>{"name"=>"Nell", "email"=>"nell@sym.ph", "message"=>"Hello world"}, "commit"=>"Create Post"}
Completed 500 Internal Server Error in 191ms (ActiveRecord: 0.0ms)


  
NameError (undefined local variable or method `post_params' for #<PostsController:0x00007f86f86bf928>
Did you mean?  post_path):
  
app/controllers/posts_controller.rb:11:in `create'
Started POST "/posts" for 127.0.0.1 at 2018-01-29 03:36:25 +0800
Processing by PostsController#create as HTML
  Parameters: {"utf8"=>"âœ“", "authenticity_token"=>"IlCdq4A3qML4qM3L6aG20kORVHKrn4IjNfj/7MXPeNyv7yv8bYGyfvI9LDi8a7kmyOS7wP1NW5XXYY75Prr84A==", "post"=>{"name"=>"Nell", "email"=>"nell@sym.ph", "message"=>"Hello world"}, "commit"=>"Create Post"}
  [1m[35m (0.1ms)[0m  [1m[36mbegin transaction[0m
  [1m[35mSQL (3.7ms)[0m  [1m[32mINSERT INTO "posts" ("name", "email", "message", "created_at", "updated_at") VALUES (?, ?, ?, ?, ?)[0m  [["name", "Nell"], ["email", "nell@sym.ph"], ["message", "Hello world"], ["created_at", "2018-01-28 19:36:25.270913"], ["updated_at", "2018-01-28 19:36:25.270913"]]
  [1m[35m (4.0ms)[0m  [1m[36mcommit transaction[0m
Redirected to http://localhost:3000/posts
Completed 302 Found in 34ms (ActiveRecord: 9.5ms)


Started GET "/posts" for 127.0.0.1 at 2018-01-29 03:36:26 +0800
Processing by PostsController#index as HTML
  Rendering posts/index.haml within layouts/application
  [1m[36mPost Load (0.2ms)[0m  [1m[34mSELECT "posts".* FROM "posts"[0m
  Rendered posts/index.haml within layouts/application (13.0ms)
Completed 200 OK in 145ms (Views: 138.5ms | ActiveRecord: 0.2ms)


Started GET "/posts" for 127.0.0.1 at 2018-01-29 03:36:45 +0800
Processing by PostsController#index as HTML
  Rendering posts/index.haml within layouts/application
  [1m[36mPost Load (0.2ms)[0m  [1m[34mSELECT "posts".* FROM "posts"[0m
  Rendered posts/index.haml within layouts/application (4.1ms)
Completed 200 OK in 53ms (Views: 48.6ms | ActiveRecord: 0.2ms)


Started GET "/posts" for 127.0.0.1 at 2018-01-29 03:37:02 +0800
Processing by PostsController#index as HTML
  Rendering posts/index.haml within layouts/application
  [1m[36mPost Load (0.2ms)[0m  [1m[34mSELECT "posts".* FROM "posts"[0m
  Rendered posts/index.haml within layouts/application (4.1ms)
Completed 200 OK in 40ms (Views: 37.0ms | ActiveRecord: 0.2ms)


Started GET "/posts" for 127.0.0.1 at 2018-01-29 03:38:08 +0800
Processing by PostsController#index as HTML
  Rendering posts/index.haml within layouts/application
  [1m[36mPost Load (0.2ms)[0m  [1m[34mSELECT "posts".* FROM "posts"[0m
  Rendered posts/index.haml within layouts/application (3.9ms)
Completed 200 OK in 89ms (Views: 85.7ms | ActiveRecord: 0.2ms)


Started GET "/posts" for 127.0.0.1 at 2018-01-29 03:38:10 +0800
Processing by PostsController#index as HTML
  Rendering posts/index.haml within layouts/application
  [1m[36mPost Load (0.3ms)[0m  [1m[34mSELECT "posts".* FROM "posts"[0m
  Rendered posts/index.haml within layouts/application (3.7ms)
Completed 200 OK in 41ms (Views: 36.8ms | ActiveRecord: 0.3ms)


Started GET "/posts" for 127.0.0.1 at 2018-01-29 03:38:12 +0800
Processing by PostsController#index as HTML
  Rendering posts/index.haml within layouts/application
  [1m[36mPost Load (0.2ms)[0m  [1m[34mSELECT "posts".* FROM "posts"[0m
  Rendered posts/index.haml within layouts/application (4.0ms)
Completed 200 OK in 44ms (Views: 39.8ms | ActiveRecord: 0.2ms)


Started GET "/posts" for 127.0.0.1 at 2018-01-29 03:38:17 +0800
Processing by PostsController#index as HTML
  Rendering posts/index.haml within layouts/application
  [1m[36mPost Load (0.2ms)[0m  [1m[34mSELECT "posts".* FROM "posts"[0m
  Rendered posts/index.haml within layouts/application (4.0ms)
Completed 200 OK in 45ms (Views: 41.1ms | ActiveRecord: 0.2ms)


Started GET "/posts" for 127.0.0.1 at 2018-01-29 03:38:21 +0800
Processing by PostsController#index as HTML
  Rendering posts/index.haml within layouts/application
  [1m[36mPost Load (0.2ms)[0m  [1m[34mSELECT "posts".* FROM "posts"[0m
  Rendered posts/index.haml within layouts/application (3.9ms)
Completed 200 OK in 39ms (Views: 34.1ms | ActiveRecord: 0.2ms)


Started GET "/posts" for 127.0.0.1 at 2018-01-29 03:39:11 +0800
Processing by PostsController#index as HTML
  Rendering posts/index.haml within layouts/application
  [1m[36mPost Load (0.5ms)[0m  [1m[34mSELECT "posts".* FROM "posts"[0m
  Rendered posts/index.haml within layouts/application (12.6ms)
Completed 200 OK in 112ms (Views: 107.4ms | ActiveRecord: 0.5ms)


Started GET "/posts" for 127.0.0.1 at 2018-01-29 03:39:33 +0800
Processing by PostsController#index as HTML
  Rendering posts/index.haml within layouts/application
  [1m[36mPost Load (0.2ms)[0m  [1m[34mSELECT "posts".* FROM "posts"[0m
  Rendered posts/index.haml within layouts/application (4.6ms)
Completed 200 OK in 85ms (Views: 81.5ms | ActiveRecord: 0.2ms)


Started GET "/posts/new" for 127.0.0.1 at 2018-01-29 03:39:52 +0800
Processing by PostsController#new as HTML
  Rendering posts/new.haml within layouts/application
  Rendered posts/new.haml within layouts/application (9.8ms)
Completed 200 OK in 96ms (Views: 88.8ms | ActiveRecord: 0.0ms)


Started POST "/posts" for 127.0.0.1 at 2018-01-29 03:40:10 +0800
Processing by PostsController#create as HTML
  Parameters: {"utf8"=>"âœ“", "authenticity_token"=>"iLMmjWseNv5EJ3df3whcp9DdILcNXutAjml9KcYff0uQYZ6z7dq8bCGrGk+lt8zrmNnwtTQ1GrzcSjEfEgayIg==", "post"=>{"name"=>"Elmer Labe", "email"=>"elmer.labe@gmail.com", "message"=>"Lorem ipsum dolor, sit amet consectetur adipisicing elit. Ipsa asperiores quis quo vel odio? Minus id veniam ut? Illo ipsum sunt omnis dignissimos dolore! Consectetur aperiam suscipit expedita quae laboriosam."}, "commit"=>"Create Post"}
  [1m[35m (0.2ms)[0m  [1m[36mbegin transaction[0m
  [1m[35mSQL (0.8ms)[0m  [1m[32mINSERT INTO "posts" ("name", "email", "message", "created_at", "updated_at") VALUES (?, ?, ?, ?, ?)[0m  [["name", "Elmer Labe"], ["email", "elmer.labe@gmail.com"], ["message", "Lorem ipsum dolor, sit amet consectetur adipisicing elit. Ipsa asperiores quis quo vel odio? Minus id veniam ut? Illo ipsum sunt omnis dignissimos dolore! Consectetur aperiam suscipit expedita quae laboriosam."], ["created_at", "2018-01-28 19:40:10.249986"], ["updated_at", "2018-01-28 19:40:10.249986"]]
  [1m[35m (3.5ms)[0m  [1m[36mcommit transaction[0m
Redirected to http://localhost:3000/posts
Completed 302 Found in 14ms (ActiveRecord: 4.5ms)


Started GET "/posts" for 127.0.0.1 at 2018-01-29 03:40:10 +0800
Processing by PostsController#index as HTML
  Rendering posts/index.haml within layouts/application
  [1m[36mPost Load (0.2ms)[0m  [1m[34mSELECT "posts".* FROM "posts"[0m
  Rendered posts/index.haml within layouts/application (7.6ms)
Completed 200 OK in 97ms (Views: 92.2ms | ActiveRecord: 0.2ms)


Started GET "/" for 127.0.0.1 at 2018-01-29 03:40:37 +0800
Processing by SiteController#index as HTML
  Rendering site/index.html.erb within layouts/application
  Rendered site/index.html.erb within layouts/application (0.7ms)
Completed 200 OK in 129ms (Views: 122.8ms | ActiveRecord: 0.0ms)


Started GET "/" for 127.0.0.1 at 2018-01-29 03:40:52 +0800
Processing by PostsController#index as HTML
  Rendering posts/index.haml within layouts/application
  [1m[36mPost Load (0.2ms)[0m  [1m[34mSELECT "posts".* FROM "posts"[0m
  Rendered posts/index.haml within layouts/application (17.9ms)
Completed 200 OK in 73ms (Views: 59.0ms | ActiveRecord: 1.7ms)


Started GET "/" for 127.0.0.1 at 2018-01-29 03:40:54 +0800
Processing by PostsController#index as HTML
  Rendering posts/index.haml within layouts/application
  [1m[36mPost Load (0.2ms)[0m  [1m[34mSELECT "posts".* FROM "posts"[0m
  Rendered posts/index.haml within layouts/application (5.1ms)
Completed 200 OK in 46ms (Views: 41.5ms | ActiveRecord: 0.2ms)


Started GET "/posts/new" for 127.0.0.1 at 2018-01-29 03:40:58 +0800
Processing by PostsController#new as HTML
  Rendering posts/new.haml within layouts/application
  Rendered posts/new.haml within layouts/application (6.8ms)
Completed 200 OK in 51ms (Views: 42.3ms | ActiveRecord: 0.0ms)


Started GET "/" for 127.0.0.1 at 2018-01-29 03:40:59 +0800
Processing by PostsController#index as HTML
  Rendering posts/index.haml within layouts/application
  [1m[36mPost Load (0.3ms)[0m  [1m[34mSELECT "posts".* FROM "posts"[0m
  Rendered posts/index.haml within layouts/application (8.1ms)
Completed 200 OK in 48ms (Views: 41.4ms | ActiveRecord: 0.3ms)


Started GET "/posts/new" for 127.0.0.1 at 2018-01-29 03:41:00 +0800
Processing by PostsController#new as HTML
  Rendering posts/new.haml within layouts/application
  Rendered posts/new.haml within layouts/application (9.5ms)
Completed 200 OK in 59ms (Views: 48.4ms | ActiveRecord: 0.0ms)


Started GET "/posts/new" for 127.0.0.1 at 2018-01-29 03:41:14 +0800
Processing by PostsController#new as HTML
  Rendering posts/new.haml within layouts/application
  Rendered posts/new.haml within layouts/application (4.9ms)
Completed 200 OK in 42ms (Views: 39.3ms | ActiveRecord: 0.0ms)


Started GET "/posts/new" for 127.0.0.1 at 2018-01-29 03:41:21 +0800
Processing by PostsController#new as HTML
  Rendering posts/new.haml within layouts/application
  Rendered posts/new.haml within layouts/application (6.0ms)
Completed 200 OK in 41ms (Views: 36.8ms | ActiveRecord: 0.0ms)


Started GET "/" for 127.0.0.1 at 2018-01-29 03:41:23 +0800
Processing by PostsController#index as HTML
  Rendering posts/index.haml within layouts/application
  [1m[36mPost Load (0.3ms)[0m  [1m[34mSELECT "posts".* FROM "posts"[0m
  Rendered posts/index.haml within layouts/application (5.4ms)
Completed 200 OK in 44ms (Views: 36.7ms | ActiveRecord: 0.3ms)


Started GET "/" for 127.0.0.1 at 2018-01-29 03:41:52 +0800
Started GET "/posts/new" for 127.0.0.1 at 2018-01-29 03:41:52 +0800
Started GET "/" for 127.0.0.1 at 2018-01-29 03:41:52 +0800
Processing by PostsController#index as HTML
Processing by PostsController#new as HTML
Processing by PostsController#index as HTML
  Rendering posts/index.haml within layouts/application
  Rendering posts/new.haml within layouts/application
  [1m[36mPost Load (0.4ms)[0m  [1m[34mSELECT "posts".* FROM "posts"[0m
  Rendering posts/index.haml within layouts/application
  Rendered posts/new.haml within layouts/application (8.5ms)
  Rendered posts/index.haml within layouts/application (22.7ms)
  [1m[36mPost Load (0.2ms)[0m  [1m[34mSELECT "posts".* FROM "posts"[0m
  Rendered posts/index.haml within layouts/application (6.1ms)
Completed 200 OK in 143ms (Views: 125.6ms | ActiveRecord: 0.4ms)


Completed 200 OK in 135ms (Views: 120.7ms | ActiveRecord: 0.0ms)


Completed 200 OK in 127ms (Views: 117.3ms | ActiveRecord: 0.6ms)


Started GET "/" for 127.0.0.1 at 2018-01-29 03:44:57 +0800
Started GET "/" for 127.0.0.1 at 2018-01-29 03:44:57 +0800
Processing by PostsController#index as HTML
Processing by PostsController#index as HTML
  [1m[36mPost Load (0.4ms)[0m  [1m[34mSELECT  "posts".* FROM "posts" LIMIT ?[0m  [["LIMIT", 11]]
  [1m[36mPost Load (0.3ms)[0m  [1m[34mSELECT  "posts".* FROM "posts" LIMIT ?[0m  [["LIMIT", 11]]
Completed 500 Internal Server Error in 38ms


Completed 500 Internal Server Error in 40ms (ActiveRecord: 0.0ms)


  
  
  [1m[36mCACHE Post Load (0.0ms)[0m  [1m[34mSELECT  "posts".* FROM "posts" LIMIT ?[0m  [["LIMIT", 11]]
  [1m[36mCACHE Post Load (0.1ms)[0m  [1m[34mSELECT  "posts".* FROM "posts" LIMIT ?[0m  [["LIMIT", 11]]
NoMethodError (undefined method `desc' for #<Post::ActiveRecord_Relation:0x00007f86f4983078>):
NoMethodError (undefined method `desc' for #<Post::ActiveRecord_Relation:0x00007f86f98d7430>):
  
  
app/controllers/posts_controller.rb:3:in `index'
app/controllers/posts_controller.rb:3:in `index'
Started GET "/" for 127.0.0.1 at 2018-01-29 03:45:05 +0800
Processing by PostsController#index as HTML
  Rendering posts/index.haml within layouts/application
  [1m[36mPost Load (0.9ms)[0m  [1m[34mSELECT "posts".* FROM "posts" ORDER BY "posts"."desc" ASC[0m
  Rendered posts/index.haml within layouts/application (11.9ms)
Completed 500 Internal Server Error in 35ms (ActiveRecord: 1.2ms)


  
ActionView::Template::Error (SQLite3::SQLException: no such column: posts.desc: SELECT "posts".* FROM "posts" ORDER BY "posts"."desc" ASC):
    1: - if @posts.blank?
    2:   %h2 There are no posts yet.
    3: - else
    4:   - for post in @posts
  
app/views/posts/index.haml:1:in `_app_views_posts_index_haml__2968965431910456193_70108834495040'
Started GET "/" for 127.0.0.1 at 2018-01-29 03:45:17 +0800
Processing by PostsController#index as HTML
  Rendering posts/index.haml within layouts/application
  [1m[36mPost Load (1.3ms)[0m  [1m[34mSELECT "posts".* FROM "posts" ORDER BY "posts"."desc" ASC[0m
  Rendered posts/index.haml within layouts/application (13.4ms)
Completed 500 Internal Server Error in 28ms (ActiveRecord: 1.6ms)


  
ActionView::Template::Error (SQLite3::SQLException: no such column: posts.desc: SELECT "posts".* FROM "posts" ORDER BY "posts"."desc" ASC):
    1: - if @posts.blank?
    2:   %h2 There are no posts yet.
    3: - else
    4:   - for post in @posts
  
app/views/posts/index.haml:1:in `_app_views_posts_index_haml__2968965431910456193_70108831264800'
Started GET "/" for 127.0.0.1 at 2018-01-29 03:46:07 +0800
Processing by PostsController#index as HTML
  Rendering posts/index.haml within layouts/application
  [1m[36mPost Load (0.9ms)[0m  [1m[34mSELECT "posts".* FROM "posts" ORDER BY "posts"."created_at" DESC[0m
  Rendered posts/index.haml within layouts/application (18.9ms)
Completed 200 OK in 125ms (Views: 111.5ms | ActiveRecord: 2.0ms)


